<?xml version="1.0" encoding="UTF-8"?>
<!-- Generated by org.testng.reporters.JUnitXMLReporter -->
<testsuite hostname="Vikas-PC" ignored="0" name="chrome" tests="48" failures="0" timestamp="2020-01-23T17:56:04 IST" time="2098.719" errors="0">
  <testcase name="main" time="161.628" classname="AutomationFramework.Signup"/>
  <testcase name="main" time="9.616" classname="AutomationFramework.Login"/>
  <testcase name="login" time="26.75" classname="AutomationFramework.moderation_queue"/>
  <testcase name="moderation_functionality" time="197.953" classname="AutomationFramework.moderation_queue"/>
  <testcase name="login" time="32.206" classname="AutomationFramework.Debate"/>
  <testcase name="create_debate" time="52.699" classname="AutomationFramework.Debate"/>
  <testcase name="login" time="49.634" classname="AutomationFramework.DebateShare"/>
  <testcase name="debate_share_on_FB" time="26.908" classname="AutomationFramework.DebateShare"/>
  <testcase name="debate_share_on_twitter" time="24.592" classname="AutomationFramework.DebateShare"/>
  <testcase name="debate_share_on_linkedin" time="27.781" classname="AutomationFramework.DebateShare"/>
  <testcase name="login" time="31.054" classname="AutomationFramework.AddArgumentandComments"/>
  <testcase name="add_argument" time="38.4" classname="AutomationFramework.AddArgumentandComments"/>
  <testcase name="add_comment" time="8.564" classname="AutomationFramework.AddArgumentandComments"/>
  <testcase name="Loginuser" time="27.985" classname="AutomationFramework.MyProfile">
    <skipped/>
  </testcase> <!-- Loginuser -->
  <testcase name="Loginuser" time="31.395" classname="AutomationFramework.MyProfile"/>
  <testcase name="uploadprofile" time="70.693" classname="AutomationFramework.MyProfile"/>
  <testcase name="uploadcoverimage" time="30.736" classname="AutomationFramework.MyProfile"/>
  <testcase name="login" time="45.796" classname="AutomationFramework.SettingPage"/>
  <testcase name="save_blankfields_on_settings_page" time="16.299" classname="AutomationFramework.SettingPage"/>
  <testcase name="Namelimit_on_settings_page" time="23.825" classname="AutomationFramework.SettingPage"/>
  <testcase name="UserNamelimit_on_settings_page" time="41.355" classname="AutomationFramework.SettingPage"/>
  <testcase name="username_validation_on_settings_page" time="49.457" classname="AutomationFramework.SettingPage"/>
  <testcase name="email_validation_on_settings_page" time="69.848" classname="AutomationFramework.SettingPage"/>
  <testcase name="incorrect_oldpassword_on_settings_page" time="34.109" classname="AutomationFramework.SettingPage"/>
  <testcase name="password_limit_on_settings_page" time="28.007" classname="AutomationFramework.SettingPage"/>
  <testcase name="mismatch_passwords_on_settings_page" time="21.728" classname="AutomationFramework.SettingPage"/>
  <testcase name="valid_password_on_settings_page" time="31.854" classname="AutomationFramework.SettingPage"/>
  <testcase name="reset_password_on_settings_page" time="85.491" classname="AutomationFramework.SettingPage"/>
  <testcase name="login" time="28.173" classname="AutomationFramework.Voting_functionality"/>
  <testcase name="check_votepopup_socaillink" time="38.556" classname="AutomationFramework.Voting_functionality"/>
  <testcase name="post_argument_from_votepopup" time="27.858" classname="AutomationFramework.Voting_functionality"/>
  <testcase name="check_votepopup_closebutton" time="31.116" classname="AutomationFramework.Voting_functionality"/>
  <testcase name="login" time="30.145" classname="AutomationFramework.report_functionality"/>
  <testcase name="check_reportpopup_blankfields" time="50.366" classname="AutomationFramework.report_functionality"/>
  <testcase name="report_debate" time="16.8" classname="AutomationFramework.report_functionality"/>
  <testcase name="report_argument" time="21.22" classname="AutomationFramework.report_functionality"/>
  <testcase name="prelogin_argument_closebutton" time="51.323" classname="AutomationFramework.pre_login_functionality"/>
  <testcase name="prelogin_argument_post" time="66.948" classname="AutomationFramework.pre_login_functionality"/>
  <testcase name="prelogin_argumentreport_closebutton" time="51.112" classname="AutomationFramework.pre_login_functionality"/>
  <testcase name="prelogin_comment_post" time="43.971" classname="AutomationFramework.pre_login_functionality"/>
  <testcase name="prelogin_commentslider_close" time="35.846" classname="AutomationFramework.pre_login_functionality">
    <skipped/>
  </testcase> <!-- prelogin_commentslider_close -->
  <testcase name="prelogin_commentslider_close" time="44.317" classname="AutomationFramework.pre_login_functionality"/>
  <testcase name="prelogin_debatereport_closebutton" time="34.613" classname="AutomationFramework.pre_login_functionality"/>
  <testcase name="prelogin_report_on_arg" time="49.415" classname="AutomationFramework.pre_login_functionality"/>
  <testcase name="prelogin_report_on_debate" time="31.131" classname="AutomationFramework.pre_login_functionality">
    <skipped/>
  </testcase> <!-- prelogin_report_on_debate -->
  <testcase name="prelogin_report_on_debate" time="43.251" classname="AutomationFramework.pre_login_functionality"/>
  <testcase name="prelogin_startdebate" time="66.764" classname="AutomationFramework.pre_login_functionality"/>
  <testcase name="prelogin_startdebate_closebutton" time="32.676" classname="AutomationFramework.pre_login_functionality"/>
</testsuite> <!-- chrome -->
