<?xml version="1.0" encoding="UTF-8"?>
<!-- Generated by org.testng.reporters.JUnitXMLReporter -->
<testsuite hostname="Vikas-PC" ignored="0" name="RetryMulitpleFirefox" tests="18" failures="0" timestamp="2019-11-20T13:05:54 IST" time="513.048" errors="0">
  <testcase name="main" time="160.573" classname="AutomationFramework.Signup"/>
  <testcase name="main" time="9.702" classname="AutomationFramework.Login"/>
  <testcase name="test1" time="16.384" classname="AutomationFramework.Debate"/>
  <testcase name="test2" time="36.786" classname="AutomationFramework.Debate"/>
  <testcase name="test3" time="5.477" classname="AutomationFramework.Debate"/>
  <testcase name="test1" time="28.841" classname="AutomationFramework.AddArgumentandComments"/>
  <testcase name="test2" time="38.82" classname="AutomationFramework.AddArgumentandComments"/>
  <testcase name="test3" time="15.467" classname="AutomationFramework.AddArgumentandComments"/>
  <testcase name="test4" time="8.443" classname="AutomationFramework.AddArgumentandComments"/>
  <testcase name="test1" time="48.906" classname="AutomationFramework.DebateShare"/>
  <testcase name="test2" time="23.964" classname="AutomationFramework.DebateShare"/>
  <testcase name="test3" time="20.542" classname="AutomationFramework.DebateShare"/>
  <testcase name="test4" time="24.624" classname="AutomationFramework.DebateShare"/>
  <testcase name="Case1" time="3.345" classname="AutomationFramework.Grouping"/>
  <testcase name="Case2" time="8.122" classname="AutomationFramework.Grouping"/>
  <testcase name="Case3" time="6.513" classname="AutomationFramework.Grouping"/>
  <testcase name="Case4" time="6.481" classname="AutomationFramework.Grouping"/>
  <testcase name="Case5" time="6.578" classname="AutomationFramework.Grouping"/>
</testsuite> <!-- RetryMulitpleFirefox -->
