<?xml version="1.0" encoding="UTF-8"?>
<!-- Generated by org.testng.reporters.JUnitXMLReporter -->
<testsuite hostname="Vikas-PC" ignored="0" name="Actions Class" tests="6" failures="0" timestamp="2019-11-27T18:52:27 IST" time="52.566" errors="0">
  <testcase name="draganddropby" time="13.692" classname="Guru99.MouseClick"/>
  <testcase name="dragdrop" time="7.157" classname="Guru99.MouseClick"/>
  <testcase name="main" time="5.647" classname="Guru99.MouseClick"/>
  <testcase name="mousehover" time="7.831" classname="Guru99.MouseClick"/>
  <testcase name="tooltip" time="9.098" classname="Guru99.MouseClick"/>
  <testcase name="test1" time="9.094" classname="Guru99.KeyboardEvents"/>
</testsuite> <!-- Actions Class -->
