<?xml version="1.0" encoding="UTF-8"?>
<!-- Generated by org.testng.reporters.JUnitXMLReporter -->
<testsuite hostname="Vikas-PC" ignored="0" name="Test5" tests="5" failures="0" timestamp="2019-10-18T14:36:56 IST" time="59.983" errors="0">
  <testcase name="Case1" time="3.34" classname="AutomationFramework.Grouping"/>
  <testcase name="Case2" time="8.162" classname="AutomationFramework.Grouping"/>
  <testcase name="Case3" time="0.479" classname="AutomationFramework.Grouping"/>
  <testcase name="Case4" time="6.544" classname="AutomationFramework.Grouping"/>
  <testcase name="Case5" time="0.531" classname="AutomationFramework.Grouping"/>
</testsuite> <!-- Test5 -->
