<?xml version="1.0" encoding="UTF-8"?>
<!-- Generated by org.testng.reporters.JUnitXMLReporter -->
<testsuite hostname="Vikas-PC" ignored="0" name="Practice Grouping" tests="5" failures="5" timestamp="2019-09-23T18:42:23 IST" time="0.064" errors="0">
  <testcase name="Case1" time="0.013" classname="AutomationFramework.Grouping">
    <failure type="java.lang.NullPointerException">
      <![CDATA[java.lang.NullPointerException
at AutomationFramework.Grouping.Case1(Grouping.java:25)
at java.util.ArrayList.forEach(Unknown Source)
... Removed 27 stack frames]]>
    </failure>
  </testcase> <!-- Case1 -->
  <testcase name="Case2" time="0.001" classname="AutomationFramework.Grouping">
    <failure type="java.lang.NullPointerException">
      <![CDATA[java.lang.NullPointerException
at AutomationFramework.Grouping.Case2(Grouping.java:39)
at java.util.ArrayList.forEach(Unknown Source)
... Removed 27 stack frames]]>
    </failure>
  </testcase> <!-- Case2 -->
  <testcase name="Case3" time="0.002" classname="AutomationFramework.Grouping">
    <failure type="java.lang.NullPointerException">
      <![CDATA[java.lang.NullPointerException
at AutomationFramework.Grouping.Case3(Grouping.java:59)
at java.util.ArrayList.forEach(Unknown Source)
... Removed 27 stack frames]]>
    </failure>
  </testcase> <!-- Case3 -->
  <testcase name="Case4" time="0.001" classname="AutomationFramework.Grouping">
    <failure type="java.lang.NullPointerException">
      <![CDATA[java.lang.NullPointerException
at AutomationFramework.Grouping.Case4(Grouping.java:77)
at java.util.ArrayList.forEach(Unknown Source)
... Removed 27 stack frames]]>
    </failure>
  </testcase> <!-- Case4 -->
  <testcase name="Case5" time="0.001" classname="AutomationFramework.Grouping">
    <failure type="java.lang.NullPointerException">
      <![CDATA[java.lang.NullPointerException
at AutomationFramework.Grouping.Case5(Grouping.java:97)
at java.util.ArrayList.forEach(Unknown Source)
... Removed 27 stack frames]]>
    </failure>
  </testcase> <!-- Case5 -->
</testsuite> <!-- Practice Grouping -->
