<?xml version="1.0" encoding="UTF-8"?>
<!-- Generated by org.testng.reporters.JUnitXMLReporter -->
<testsuite hostname="Vikas-PC" ignored="0" name="testing" tests="1" failures="1" timestamp="2019-09-25T18:03:19 IST" time="0.064" errors="0">
  <testcase name="Case1" time="0.024" classname="AutomationFramework.Grouping">
    <failure type="java.lang.NullPointerException">
      <![CDATA[java.lang.NullPointerException
at AutomationFramework.Grouping.Case1(Grouping.java:30)
at java.util.ArrayList.forEach(Unknown Source)
... Removed 27 stack frames]]>
    </failure>
  </testcase> <!-- Case1 -->
</testsuite> <!-- testing -->
