<?xml version="1.0" encoding="UTF-8"?>
<!-- Generated by org.testng.reporters.JUnitXMLReporter -->
<testsuite hostname="Vikas-PC" ignored="0" name="practice" tests="6" failures="0" timestamp="2019-11-29T17:18:13 IST" time="54.936" errors="0">
  <testcase name="test1" time="7.472" classname="Guru99.KeyboardEvents"/>
  <testcase name="draganddropby" time="12.581" classname="Guru99.MouseClick"/>
  <testcase name="dragdrop" time="6.881" classname="Guru99.MouseClick"/>
  <testcase name="main" time="8.41" classname="Guru99.MouseClick"/>
  <testcase name="mousehover" time="9.129" classname="Guru99.MouseClick"/>
  <testcase name="tooltip" time="10.413" classname="Guru99.MouseClick"/>
</testsuite> <!-- practice -->
