<?xml version="1.0" encoding="UTF-8"?>
<!-- Generated by org.testng.reporters.JUnitXMLReporter -->
<testsuite hostname="Vikas-PC" ignored="0" name="setting" tests="6" failures="0" timestamp="2019-12-13T17:57:37 IST" time="190.844" errors="0">
  <testcase name="login" time="44.116" classname="AutomationFramework.SettingPage"/>
  <testcase name="blankfields" time="16.313" classname="AutomationFramework.SettingPage"/>
  <testcase name="Namelimit" time="20.846" classname="AutomationFramework.SettingPage"/>
  <testcase name="UsernameLimit" time="30.838" classname="AutomationFramework.SettingPage"/>
  <testcase name="username_validation" time="31.611" classname="AutomationFramework.SettingPage"/>
  <testcase name="email_validation" time="47.064" classname="AutomationFramework.SettingPage"/>
</testsuite> <!-- setting -->
